Vivado Simulator 2019.2
Copyright 1986-1999, 2001-2019 Xilinx, Inc. All Rights Reserved.
Running: E:/Vivado/Vivado/2019.2/bin/unwrapped/win64.o/xelab.exe -wto 6fde764b7a46480fa6ed88894d2a407b --incr --debug typical --relax --mt 2 -L dist_mem_gen_v8_0_13 -L xil_defaultlib -L blk_mem_gen_v8_4_4 -L unisims_ver -L unimacro_ver -L secureip -L xpm --snapshot singlecycle_tb_behav xil_defaultlib.singlecycle_tb xil_defaultlib.glbl -log elaborate.log 
Using 2 slave threads.
Starting static elaboration
Pass Through NonSizing Optimizer
WARNING: [VRFC 10-3091] actual bit length 32 differs from formal bit length 8 for port 'dina' [D:/University/CPU/pipeline_CPU/pipeline_CPU.srcs/sources_1/new/PC.v:57]
WARNING: [VRFC 10-3091] actual bit length 32 differs from formal bit length 1 for port 'wea' [D:/University/CPU/pipeline_CPU/pipeline_CPU.srcs/sources_1/new/PC.v:59]
WARNING: [VRFC 10-3091] actual bit length 32 differs from formal bit length 8 for port 'dina' [D:/University/CPU/pipeline_CPU/pipeline_CPU.srcs/sources_1/new/PC.v:65]
WARNING: [VRFC 10-3091] actual bit length 32 differs from formal bit length 1 for port 'wea' [D:/University/CPU/pipeline_CPU/pipeline_CPU.srcs/sources_1/new/PC.v:67]
WARNING: [VRFC 10-3091] actual bit length 32 differs from formal bit length 8 for port 'dina' [D:/University/CPU/pipeline_CPU/pipeline_CPU.srcs/sources_1/new/PC.v:73]
WARNING: [VRFC 10-3091] actual bit length 32 differs from formal bit length 1 for port 'wea' [D:/University/CPU/pipeline_CPU/pipeline_CPU.srcs/sources_1/new/PC.v:75]
WARNING: [VRFC 10-3091] actual bit length 32 differs from formal bit length 8 for port 'dina' [D:/University/CPU/pipeline_CPU/pipeline_CPU.srcs/sources_1/new/PC.v:81]
WARNING: [VRFC 10-3091] actual bit length 32 differs from formal bit length 1 for port 'wea' [D:/University/CPU/pipeline_CPU/pipeline_CPU.srcs/sources_1/new/PC.v:83]
WARNING: [VRFC 10-3091] actual bit length 5 differs from formal bit length 32 for port 'a' [D:/University/CPU/pipeline_CPU/pipeline_CPU.srcs/sources_1/new/DataRoad.v:242]
WARNING: [VRFC 10-3091] actual bit length 5 differs from formal bit length 32 for port 'b' [D:/University/CPU/pipeline_CPU/pipeline_CPU.srcs/sources_1/new/DataRoad.v:243]
WARNING: [VRFC 10-3091] actual bit length 5 differs from formal bit length 32 for port 'Result' [D:/University/CPU/pipeline_CPU/pipeline_CPU.srcs/sources_1/new/DataRoad.v:244]
WARNING: [VRFC 10-3091] actual bit length 5 differs from formal bit length 1 for port 'RegWr_WR' [D:/University/CPU/pipeline_CPU/pipeline_CPU.srcs/sources_1/new/DataRoad.v:316]
WARNING: [VRFC 10-3091] actual bit length 2 differs from formal bit length 3 for port 'ALUSrcA' [D:/University/CPU/pipeline_CPU/pipeline_CPU.srcs/sources_1/new/DataRoad.v:317]
WARNING: [VRFC 10-3091] actual bit length 2 differs from formal bit length 3 for port 'ALUSrcB' [D:/University/CPU/pipeline_CPU/pipeline_CPU.srcs/sources_1/new/DataRoad.v:318]
Completed static elaboration
Starting simulation data flow analysis
Completed simulation data flow analysis
Time Resolution for simulation is 1ps
Compiling module blk_mem_gen_v8_4_4.blk_mem_gen_v8_4_4_output_stage(...
Compiling module blk_mem_gen_v8_4_4.blk_mem_gen_v8_4_4_softecc_outpu...
Compiling module blk_mem_gen_v8_4_4.blk_mem_gen_v8_4_4_mem_module(C_...
Compiling module blk_mem_gen_v8_4_4.blk_mem_gen_v8_4_4(C_FAMILY="art...
Compiling module xil_defaultlib.blk_mem
Compiling module xil_defaultlib.mux2to1
Compiling module xil_defaultlib.PC
Compiling module xil_defaultlib.D_Trigger(WIDTH=64)
Compiling module xil_defaultlib.Extend
Compiling module xil_defaultlib.Registers
Compiling module xil_defaultlib.D_Trigger(WIDTH=170)
Compiling module xil_defaultlib.mux3to1
Compiling module xil_defaultlib.mux4to1
Compiling module xil_defaultlib.adder
Compiling module xil_defaultlib.mux2to1(k=1)
Compiling module xil_defaultlib.ALU
Compiling module xil_defaultlib.D_Trigger(WIDTH=128)
Compiling module dist_mem_gen_v8_0_13.dist_mem_gen_v8_0_13(C_FAMILY="a...
Compiling module xil_defaultlib.async_mem
Compiling module xil_defaultlib.Mem
Compiling module xil_defaultlib.Forward_detect
Compiling module xil_defaultlib.DataRoad
Compiling module xil_defaultlib.Control
Compiling module xil_defaultlib.SingleCycle
Compiling module xil_defaultlib.singlecycle_tb
Compiling module xil_defaultlib.glbl
Built simulation snapshot singlecycle_tb_behav
