Vivado Simulator 2019.2
Time resolution is 1 ps
 Block Memory Generator module loading initial data...
 Block Memory Generator data initialization complete.
Block Memory Generator module singlecycle_tb.singlecycle.DataRoad.pc.Inst_mem_0.inst.native_mem_module.blk_mem_gen_v8_4_4_inst is using a behavioral model for simulation which will not precisely model memory collision behavior.
 Block Memory Generator module loading initial data...
 Block Memory Generator data initialization complete.
Block Memory Generator module singlecycle_tb.singlecycle.DataRoad.pc.Inst_mem_1.inst.native_mem_module.blk_mem_gen_v8_4_4_inst is using a behavioral model for simulation which will not precisely model memory collision behavior.
 Block Memory Generator module loading initial data...
 Block Memory Generator data initialization complete.
Block Memory Generator module singlecycle_tb.singlecycle.DataRoad.pc.Inst_mem_2.inst.native_mem_module.blk_mem_gen_v8_4_4_inst is using a behavioral model for simulation which will not precisely model memory collision behavior.
 Block Memory Generator module loading initial data...
 Block Memory Generator data initialization complete.
Block Memory Generator module singlecycle_tb.singlecycle.DataRoad.pc.Inst_mem_3.inst.native_mem_module.blk_mem_gen_v8_4_4_inst is using a behavioral model for simulation which will not precisely model memory collision behavior.
WARNING: This core is supplied with a behavioral model. To model cycle-accurate behavior you must run timing simulation.
WARNING: This core is supplied with a behavioral model. To model cycle-accurate behavior you must run timing simulation.
WARNING: This core is supplied with a behavioral model. To model cycle-accurate behavior you must run timing simulation.
WARNING: This core is supplied with a behavioral model. To model cycle-accurate behavior you must run timing simulation.
WARNING in singlecycle_tb.singlecycle.DataRoad.mem.mem_0.inst at time                30000 ns: 
Reading from out-of-range address. Max address in singlecycle_tb.singlecycle.DataRoad.mem.mem_0.inst is         255
WARNING in singlecycle_tb.singlecycle.DataRoad.mem.mem_1.inst at time                30000 ns: 
Reading from out-of-range address. Max address in singlecycle_tb.singlecycle.DataRoad.mem.mem_1.inst is         255
WARNING in singlecycle_tb.singlecycle.DataRoad.mem.mem_2.inst at time                30000 ns: 
Reading from out-of-range address. Max address in singlecycle_tb.singlecycle.DataRoad.mem.mem_2.inst is         255
WARNING in singlecycle_tb.singlecycle.DataRoad.mem.mem_3.inst at time                30000 ns: 
Reading from out-of-range address. Max address in singlecycle_tb.singlecycle.DataRoad.mem.mem_3.inst is         255
