INFO: [VRFC 10-2263] Analyzing Verilog file "D:/University/CPU/pipeline_CPU/pipeline_CPU.srcs/sources_1/ip/async_mem/sim/async_mem.v" into library xil_defaultlib
INFO: [VRFC 10-311] analyzing module async_mem
INFO: [VRFC 10-2263] Analyzing Verilog file "D:/University/CPU/pipeline_CPU/pipeline_CPU.srcs/sources_1/ip/blk_mem/sim/blk_mem.v" into library xil_defaultlib
INFO: [VRFC 10-311] analyzing module blk_mem
INFO: [VRFC 10-2263] Analyzing Verilog file "D:/University/CPU/pipeline_CPU/pipeline_CPU.srcs/sources_1/new/ALU.v" into library xil_defaultlib
INFO: [VRFC 10-311] analyzing module ALU
INFO: [VRFC 10-2458] undeclared symbol Add_Zero, assumed default net type wire [D:/University/CPU/pipeline_CPU/pipeline_CPU.srcs/sources_1/new/ALU.v:128]
INFO: [VRFC 10-2458] undeclared symbol OFxorSign, assumed default net type wire [D:/University/CPU/pipeline_CPU/pipeline_CPU.srcs/sources_1/new/ALU.v:139]
INFO: [VRFC 10-2263] Analyzing Verilog file "D:/University/CPU/pipeline_CPU/pipeline_CPU.srcs/sources_1/new/Control.v" into library xil_defaultlib
INFO: [VRFC 10-311] analyzing module Control
INFO: [VRFC 10-2263] Analyzing Verilog file "D:/University/CPU/pipeline_CPU/pipeline_CPU.srcs/sources_1/new/D_Trigger.v" into library xil_defaultlib
INFO: [VRFC 10-311] analyzing module D_Trigger
INFO: [VRFC 10-2263] Analyzing Verilog file "D:/University/CPU/pipeline_CPU/pipeline_CPU.srcs/sources_1/new/DataRoad.v" into library xil_defaultlib
INFO: [VRFC 10-311] analyzing module DataRoad
INFO: [VRFC 10-2458] undeclared symbol branch_real, assumed default net type wire [D:/University/CPU/pipeline_CPU/pipeline_CPU.srcs/sources_1/new/DataRoad.v:59]
WARNING: [VRFC 10-3380] identifier 'load_use' is used before its declaration [D:/University/CPU/pipeline_CPU/pipeline_CPU.srcs/sources_1/new/DataRoad.v:58]
WARNING: [VRFC 10-3380] identifier 'branch_select' is used before its declaration [D:/University/CPU/pipeline_CPU/pipeline_CPU.srcs/sources_1/new/DataRoad.v:59]
WARNING: [VRFC 10-3380] identifier 'target' is used before its declaration [D:/University/CPU/pipeline_CPU/pipeline_CPU.srcs/sources_1/new/DataRoad.v:60]
WARNING: [VRFC 10-3380] identifier 'beq_target' is used before its declaration [D:/University/CPU/pipeline_CPU/pipeline_CPU.srcs/sources_1/new/DataRoad.v:61]
WARNING: [VRFC 10-3380] identifier 'RegWr_WR' is used before its declaration [D:/University/CPU/pipeline_CPU/pipeline_CPU.srcs/sources_1/new/DataRoad.v:114]
WARNING: [VRFC 10-3380] identifier 'Rw_WR' is used before its declaration [D:/University/CPU/pipeline_CPU/pipeline_CPU.srcs/sources_1/new/DataRoad.v:116]
WARNING: [VRFC 10-3380] identifier 'RegWr_EX' is used before its declaration [D:/University/CPU/pipeline_CPU/pipeline_CPU.srcs/sources_1/new/DataRoad.v:136]
WARNING: [VRFC 10-3380] identifier 'load_use' is used before its declaration [D:/University/CPU/pipeline_CPU/pipeline_CPU.srcs/sources_1/new/DataRoad.v:144]
WARNING: [VRFC 10-3380] identifier 'alu_result_MEM' is used before its declaration [D:/University/CPU/pipeline_CPU/pipeline_CPU.srcs/sources_1/new/DataRoad.v:199]
WARNING: [VRFC 10-3380] identifier 'ALUSrcA' is used before its declaration [D:/University/CPU/pipeline_CPU/pipeline_CPU.srcs/sources_1/new/DataRoad.v:201]
WARNING: [VRFC 10-3380] identifier 'ALUSrcB' is used before its declaration [D:/University/CPU/pipeline_CPU/pipeline_CPU.srcs/sources_1/new/DataRoad.v:202]
WARNING: [VRFC 10-3380] identifier 'Rw_WR' is used before its declaration [D:/University/CPU/pipeline_CPU/pipeline_CPU.srcs/sources_1/new/DataRoad.v:305]
WARNING: [VRFC 10-3380] identifier 'RegWr_WR' is used before its declaration [D:/University/CPU/pipeline_CPU/pipeline_CPU.srcs/sources_1/new/DataRoad.v:306]
INFO: [VRFC 10-2263] Analyzing Verilog file "D:/University/CPU/pipeline_CPU/pipeline_CPU.srcs/sources_1/new/Extend.v" into library xil_defaultlib
INFO: [VRFC 10-311] analyzing module Extend
INFO: [VRFC 10-2263] Analyzing Verilog file "D:/University/CPU/pipeline_CPU/pipeline_CPU.srcs/sources_1/new/Forward_detect.v" into library xil_defaultlib
INFO: [VRFC 10-311] analyzing module Forward_detect
INFO: [VRFC 10-2263] Analyzing Verilog file "D:/University/CPU/pipeline_CPU/pipeline_CPU.srcs/sources_1/new/Mem.v" into library xil_defaultlib
INFO: [VRFC 10-311] analyzing module Mem
INFO: [VRFC 10-2263] Analyzing Verilog file "D:/University/CPU/pipeline_CPU/pipeline_CPU.srcs/sources_1/new/PC.v" into library xil_defaultlib
INFO: [VRFC 10-311] analyzing module PC
INFO: [VRFC 10-2263] Analyzing Verilog file "D:/University/CPU/pipeline_CPU/pipeline_CPU.srcs/sources_1/new/Registers.v" into library xil_defaultlib
INFO: [VRFC 10-311] analyzing module Registers
INFO: [VRFC 10-2263] Analyzing Verilog file "D:/University/CPU/pipeline_CPU/pipeline_CPU.srcs/sources_1/new/SingleCycle.v" into library xil_defaultlib
INFO: [VRFC 10-311] analyzing module SingleCycle
INFO: [VRFC 10-2263] Analyzing Verilog file "D:/University/CPU/pipeline_CPU/pipeline_CPU.srcs/sources_1/new/adder.v" into library xil_defaultlib
INFO: [VRFC 10-311] analyzing module adder
INFO: [VRFC 10-2263] Analyzing Verilog file "D:/University/CPU/pipeline_CPU/pipeline_CPU.srcs/sources_1/new/mux2to1.v" into library xil_defaultlib
INFO: [VRFC 10-311] analyzing module mux2to1
INFO: [VRFC 10-2263] Analyzing Verilog file "D:/University/CPU/pipeline_CPU/pipeline_CPU.srcs/sources_1/new/mux3to1.v" into library xil_defaultlib
INFO: [VRFC 10-311] analyzing module mux3to1
INFO: [VRFC 10-2263] Analyzing Verilog file "D:/University/CPU/pipeline_CPU/pipeline_CPU.srcs/sources_1/new/mux4to1.v" into library xil_defaultlib
INFO: [VRFC 10-311] analyzing module mux4to1
INFO: [VRFC 10-2263] Analyzing Verilog file "D:/University/CPU/pipeline_CPU/pipeline_CPU.srcs/sim_1/new/singlecycle_tb.v" into library xil_defaultlib
INFO: [VRFC 10-311] analyzing module singlecycle_tb
