INFO: [VRFC 10-2263] Analyzing Verilog file "D:/University/CPU/SingleCycle/SingleCycle.sim/sim_1/synth/timing/xsim/singlecycle_tb_time_synth.v" into library xil_defaultlib
INFO: [VRFC 10-311] analyzing module LDCP_UNIQ_BASE_
INFO: [VRFC 10-311] analyzing module LDCP_HD272
INFO: [VRFC 10-311] analyzing module RAM256X1S_UNIQ_BASE_
INFO: [VRFC 10-311] analyzing module RAM256X1S_HD273
INFO: [VRFC 10-311] analyzing module RAM256X1S_HD274
INFO: [VRFC 10-311] analyzing module RAM256X1S_HD275
INFO: [VRFC 10-311] analyzing module RAM256X1S_HD276
INFO: [VRFC 10-311] analyzing module RAM256X1S_HD277
INFO: [VRFC 10-311] analyzing module RAM256X1S_HD278
INFO: [VRFC 10-311] analyzing module RAM256X1S_HD279
INFO: [VRFC 10-311] analyzing module RAM256X1S_HD280
INFO: [VRFC 10-311] analyzing module RAM256X1S_HD281
INFO: [VRFC 10-311] analyzing module RAM256X1S_HD282
INFO: [VRFC 10-311] analyzing module RAM256X1S_HD283
INFO: [VRFC 10-311] analyzing module RAM256X1S_HD284
INFO: [VRFC 10-311] analyzing module RAM256X1S_HD285
INFO: [VRFC 10-311] analyzing module RAM256X1S_HD286
INFO: [VRFC 10-311] analyzing module RAM256X1S_HD287
INFO: [VRFC 10-311] analyzing module RAM256X1S_HD288
INFO: [VRFC 10-311] analyzing module RAM256X1S_HD289
INFO: [VRFC 10-311] analyzing module RAM256X1S_HD290
INFO: [VRFC 10-311] analyzing module RAM256X1S_HD291
INFO: [VRFC 10-311] analyzing module RAM256X1S_HD292
INFO: [VRFC 10-311] analyzing module RAM256X1S_HD293
INFO: [VRFC 10-311] analyzing module RAM256X1S_HD294
INFO: [VRFC 10-311] analyzing module RAM256X1S_HD295
INFO: [VRFC 10-311] analyzing module RAM256X1S_HD296
INFO: [VRFC 10-311] analyzing module RAM256X1S_HD297
INFO: [VRFC 10-311] analyzing module RAM256X1S_HD298
INFO: [VRFC 10-311] analyzing module RAM256X1S_HD299
INFO: [VRFC 10-311] analyzing module RAM256X1S_HD300
INFO: [VRFC 10-311] analyzing module RAM256X1S_HD301
INFO: [VRFC 10-311] analyzing module RAM256X1S_HD302
INFO: [VRFC 10-311] analyzing module RAM256X1S_HD303
INFO: [VRFC 10-311] analyzing module RAM256X1S_HD304
INFO: [VRFC 10-311] analyzing module RAM256X1S_HD305
INFO: [VRFC 10-311] analyzing module RAM256X1S_HD306
INFO: [VRFC 10-311] analyzing module RAM256X1S_HD307
INFO: [VRFC 10-311] analyzing module RAM256X1S_HD308
INFO: [VRFC 10-311] analyzing module RAM256X1S_HD309
INFO: [VRFC 10-311] analyzing module RAM256X1S_HD310
INFO: [VRFC 10-311] analyzing module RAM256X1S_HD311
INFO: [VRFC 10-311] analyzing module RAM256X1S_HD312
INFO: [VRFC 10-311] analyzing module RAM256X1S_HD313
INFO: [VRFC 10-311] analyzing module RAM256X1S_HD314
INFO: [VRFC 10-311] analyzing module RAM256X1S_HD315
INFO: [VRFC 10-311] analyzing module RAM256X1S_HD316
INFO: [VRFC 10-311] analyzing module RAM256X1S_HD317
INFO: [VRFC 10-311] analyzing module RAM256X1S_HD318
INFO: [VRFC 10-311] analyzing module RAM256X1S_HD319
INFO: [VRFC 10-311] analyzing module RAM256X1S_HD320
INFO: [VRFC 10-311] analyzing module RAM256X1S_HD321
INFO: [VRFC 10-311] analyzing module RAM256X1S_HD322
INFO: [VRFC 10-311] analyzing module RAM256X1S_HD323
INFO: [VRFC 10-311] analyzing module RAM256X1S_HD324
INFO: [VRFC 10-311] analyzing module RAM256X1S_HD325
INFO: [VRFC 10-311] analyzing module RAM256X1S_HD326
INFO: [VRFC 10-311] analyzing module RAM256X1S_HD327
INFO: [VRFC 10-311] analyzing module RAM256X1S_HD328
INFO: [VRFC 10-311] analyzing module RAM256X1S_HD329
INFO: [VRFC 10-311] analyzing module RAM256X1S_HD330
INFO: [VRFC 10-311] analyzing module RAM256X1S_HD331
INFO: [VRFC 10-311] analyzing module RAM256X1S_HD332
INFO: [VRFC 10-311] analyzing module RAM256X1S_HD333
INFO: [VRFC 10-311] analyzing module RAM256X1S_HD334
INFO: [VRFC 10-311] analyzing module RAM256X1S_HD335
INFO: [VRFC 10-311] analyzing module RAM32M_UNIQ_BASE_
INFO: [VRFC 10-311] analyzing module RAM32M_HD336
INFO: [VRFC 10-311] analyzing module RAM32M_HD337
INFO: [VRFC 10-311] analyzing module RAM32M_HD338
INFO: [VRFC 10-311] analyzing module RAM32M_HD339
INFO: [VRFC 10-311] analyzing module RAM32M_HD340
INFO: [VRFC 10-311] analyzing module RAM32M_HD341
INFO: [VRFC 10-311] analyzing module RAM32M_HD342
INFO: [VRFC 10-311] analyzing module RAM32M_HD343
INFO: [VRFC 10-311] analyzing module RAM32M_HD344
INFO: [VRFC 10-311] analyzing module RAM32M_HD345
INFO: [VRFC 10-311] analyzing module RAM32M_HD346
INFO: [VRFC 10-311] analyzing module ALU
INFO: [VRFC 10-311] analyzing module Control
INFO: [VRFC 10-311] analyzing module D_Trigger
INFO: [VRFC 10-311] analyzing module D_Trigger__parameterized0
INFO: [VRFC 10-311] analyzing module D_Trigger__parameterized1
INFO: [VRFC 10-311] analyzing module D_Trigger__parameterized1_0
INFO: [VRFC 10-311] analyzing module DataRoad
INFO: [VRFC 10-311] analyzing module Inst_mem
INFO: [VRFC 10-311] analyzing module Inst_mem_HD260
INFO: [VRFC 10-311] analyzing module Inst_mem_HD264
INFO: [VRFC 10-311] analyzing module Inst_mem_HD268
INFO: [VRFC 10-311] analyzing module Mem
INFO: [VRFC 10-311] analyzing module PC
INFO: [VRFC 10-311] analyzing module Registers
INFO: [VRFC 10-311] analyzing module SingleCycle
INFO: [VRFC 10-311] analyzing module adder
INFO: [VRFC 10-311] analyzing module async_mem
INFO: [VRFC 10-311] analyzing module async_mem_HD245
INFO: [VRFC 10-311] analyzing module async_mem_HD249
INFO: [VRFC 10-311] analyzing module async_mem_HD253
INFO: [VRFC 10-311] analyzing module mux2to1
INFO: [VRFC 10-311] analyzing module mux3to1
INFO: [VRFC 10-311] analyzing module Inst_mem_dist_mem_gen_v8_0_13
INFO: [VRFC 10-311] analyzing module Inst_mem_dist_mem_gen_v8_0_13_HD261
INFO: [VRFC 10-311] analyzing module Inst_mem_dist_mem_gen_v8_0_13_HD265
INFO: [VRFC 10-311] analyzing module Inst_mem_dist_mem_gen_v8_0_13_HD269
INFO: [VRFC 10-311] analyzing module Inst_mem_dist_mem_gen_v8_0_13_synth
INFO: [VRFC 10-311] analyzing module Inst_mem_dist_mem_gen_v8_0_13_synth_HD262
INFO: [VRFC 10-311] analyzing module Inst_mem_dist_mem_gen_v8_0_13_synth_HD266
INFO: [VRFC 10-311] analyzing module Inst_mem_dist_mem_gen_v8_0_13_synth_HD270
INFO: [VRFC 10-311] analyzing module Inst_mem_spram
INFO: [VRFC 10-311] analyzing module Inst_mem_spram_HD263
INFO: [VRFC 10-311] analyzing module Inst_mem_spram_HD267
INFO: [VRFC 10-311] analyzing module Inst_mem_spram_HD271
INFO: [VRFC 10-311] analyzing module async_mem_dist_mem_gen_v8_0_13
INFO: [VRFC 10-311] analyzing module async_mem_dist_mem_gen_v8_0_13_HD246
INFO: [VRFC 10-311] analyzing module async_mem_dist_mem_gen_v8_0_13_HD250
INFO: [VRFC 10-311] analyzing module async_mem_dist_mem_gen_v8_0_13_HD254
INFO: [VRFC 10-311] analyzing module async_mem_dist_mem_gen_v8_0_13_synth
INFO: [VRFC 10-311] analyzing module async_mem_dist_mem_gen_v8_0_13_synth_HD247
INFO: [VRFC 10-311] analyzing module async_mem_dist_mem_gen_v8_0_13_synth_HD251
INFO: [VRFC 10-311] analyzing module async_mem_dist_mem_gen_v8_0_13_synth_HD255
INFO: [VRFC 10-311] analyzing module async_mem_spram
INFO: [VRFC 10-311] analyzing module async_mem_spram_HD248
INFO: [VRFC 10-311] analyzing module async_mem_spram_HD252
INFO: [VRFC 10-311] analyzing module async_mem_spram_HD256
INFO: [VRFC 10-311] analyzing module glbl
INFO: [VRFC 10-2263] Analyzing Verilog file "D:/University/CPU/SingleCycle/SingleCycle.srcs/sim_1/new/singlecycle_tb.v" into library xil_defaultlib
INFO: [VRFC 10-311] analyzing module singlecycle_tb
