
*** Running vivado
    with args -log vio_0.vds -m64 -product Vivado -mode batch -messageDb vivado.pb -notrace -source vio_0.tcl


****** Vivado v2019.2 (64-bit)
  **** SW Build 2708876 on Wed Nov  6 21:40:23 MST 2019
  **** IP Build 2700528 on Thu Nov  7 00:09:20 MST 2019
    ** Copyright 1986-2019 Xilinx, Inc. All Rights Reserved.

source vio_0.tcl -notrace
Command: synth_design -top vio_0 -part xc7a200tfbg676-2 -mode out_of_context
Starting synth_design
Attempting to get a license for feature 'Synthesis' and/or device 'xc7a200t'
INFO: [Common 17-349] Got license for feature 'Synthesis' and/or device 'xc7a200t'
INFO: [Device 21-403] Loading part xc7a200tfbg676-2
INFO: Launching helper process for spawning children vivado processes
INFO: Helper process launched with PID 26108 
---------------------------------------------------------------------------------
Starting RTL Elaboration : Time (s): cpu = 00:00:05 ; elapsed = 00:00:05 . Memory (MB): peak = 902.703 ; gain = 232.883
---------------------------------------------------------------------------------
INFO: [Synth 8-6157] synthesizing module 'vio_0' [d:/University/CPU/pipeline_CPU/pipeline_CPU.srcs/sources_1/ip/vio_0/synth/vio_0.v:59]
WARNING: [Synth 8-3848] Net sl_iport0 in module/entity vio_0 does not have driver. [d:/University/CPU/pipeline_CPU/pipeline_CPU.srcs/sources_1/ip/vio_0/synth/vio_0.v:75]
INFO: [Synth 8-6155] done synthesizing module 'vio_0' (6#1) [d:/University/CPU/pipeline_CPU/pipeline_CPU.srcs/sources_1/ip/vio_0/synth/vio_0.v:59]
WARNING: [Synth 8-3331] design vio_v3_0_19_vio has unconnected port probe_in5[0]
WARNING: [Synth 8-3331] design vio_v3_0_19_vio has unconnected port probe_in6[0]
WARNING: [Synth 8-3331] design vio_v3_0_19_vio has unconnected port probe_in7[0]
WARNING: [Synth 8-3331] design vio_v3_0_19_vio has unconnected port probe_in8[0]
WARNING: [Synth 8-3331] design vio_v3_0_19_vio has unconnected port probe_in9[0]
WARNING: [Synth 8-3331] design vio_v3_0_19_vio has unconnected port probe_in10[0]
WARNING: [Synth 8-3331] design vio_v3_0_19_vio has unconnected port probe_in11[0]
WARNING: [Synth 8-3331] design vio_v3_0_19_vio has unconnected port probe_in12[0]
WARNING: [Synth 8-3331] design vio_v3_0_19_vio has unconnected port probe_in13[0]
WARNING: [Synth 8-3331] design vio_v3_0_19_vio has unconnected port probe_in14[0]
WARNING: [Synth 8-3331] design vio_v3_0_19_vio has unconnected port probe_in15[0]
WARNING: [Synth 8-3331] design vio_v3_0_19_vio has unconnected port probe_in16[0]
WARNING: [Synth 8-3331] design vio_v3_0_19_vio has unconnected port probe_in17[0]
WARNING: [Synth 8-3331] design vio_v3_0_19_vio has unconnected port probe_in18[0]
WARNING: [Synth 8-3331] design vio_v3_0_19_vio has unconnected port probe_in19[0]
WARNING: [Synth 8-3331] design vio_v3_0_19_vio has unconnected port probe_in20[0]
WARNING: [Synth 8-3331] design vio_v3_0_19_vio has unconnected port probe_in21[0]
WARNING: [Synth 8-3331] design vio_v3_0_19_vio has unconnected port probe_in22[0]
WARNING: [Synth 8-3331] design vio_v3_0_19_vio has unconnected port probe_in23[0]
WARNING: [Synth 8-3331] design vio_v3_0_19_vio has unconnected port probe_in24[0]
WARNING: [Synth 8-3331] design vio_v3_0_19_vio has unconnected port probe_in25[0]
WARNING: [Synth 8-3331] design vio_v3_0_19_vio has unconnected port probe_in26[0]
WARNING: [Synth 8-3331] design vio_v3_0_19_vio has unconnected port probe_in27[0]
WARNING: [Synth 8-3331] design vio_v3_0_19_vio has unconnected port probe_in28[0]
WARNING: [Synth 8-3331] design vio_v3_0_19_vio has unconnected port probe_in29[0]
WARNING: [Synth 8-3331] design vio_v3_0_19_vio has unconnected port probe_in30[0]
WARNING: [Synth 8-3331] design vio_v3_0_19_vio has unconnected port probe_in31[0]
WARNING: [Synth 8-3331] design vio_v3_0_19_vio has unconnected port probe_in32[0]
WARNING: [Synth 8-3331] design vio_v3_0_19_vio has unconnected port probe_in33[0]
WARNING: [Synth 8-3331] design vio_v3_0_19_vio has unconnected port probe_in34[0]
WARNING: [Synth 8-3331] design vio_v3_0_19_vio has unconnected port probe_in35[0]
WARNING: [Synth 8-3331] design vio_v3_0_19_vio has unconnected port probe_in36[0]
WARNING: [Synth 8-3331] design vio_v3_0_19_vio has unconnected port probe_in37[0]
WARNING: [Synth 8-3331] design vio_v3_0_19_vio has unconnected port probe_in38[0]
WARNING: [Synth 8-3331] design vio_v3_0_19_vio has unconnected port probe_in39[0]
WARNING: [Synth 8-3331] design vio_v3_0_19_vio has unconnected port probe_in40[0]
WARNING: [Synth 8-3331] design vio_v3_0_19_vio has unconnected port probe_in41[0]
WARNING: [Synth 8-3331] design vio_v3_0_19_vio has unconnected port probe_in42[0]
WARNING: [Synth 8-3331] design vio_v3_0_19_vio has unconnected port probe_in43[0]
WARNING: [Synth 8-3331] design vio_v3_0_19_vio has unconnected port probe_in44[0]
WARNING: [Synth 8-3331] design vio_v3_0_19_vio has unconnected port probe_in45[0]
WARNING: [Synth 8-3331] design vio_v3_0_19_vio has unconnected port probe_in46[0]
WARNING: [Synth 8-3331] design vio_v3_0_19_vio has unconnected port probe_in47[0]
WARNING: [Synth 8-3331] design vio_v3_0_19_vio has unconnected port probe_in48[0]
WARNING: [Synth 8-3331] design vio_v3_0_19_vio has unconnected port probe_in49[0]
WARNING: [Synth 8-3331] design vio_v3_0_19_vio has unconnected port probe_in50[0]
WARNING: [Synth 8-3331] design vio_v3_0_19_vio has unconnected port probe_in51[0]
WARNING: [Synth 8-3331] design vio_v3_0_19_vio has unconnected port probe_in52[0]
WARNING: [Synth 8-3331] design vio_v3_0_19_vio has unconnected port probe_in53[0]
WARNING: [Synth 8-3331] design vio_v3_0_19_vio has unconnected port probe_in54[0]
WARNING: [Synth 8-3331] design vio_v3_0_19_vio has unconnected port probe_in55[0]
WARNING: [Synth 8-3331] design vio_v3_0_19_vio has unconnected port probe_in56[0]
WARNING: [Synth 8-3331] design vio_v3_0_19_vio has unconnected port probe_in57[0]
WARNING: [Synth 8-3331] design vio_v3_0_19_vio has unconnected port probe_in58[0]
WARNING: [Synth 8-3331] design vio_v3_0_19_vio has unconnected port probe_in59[0]
WARNING: [Synth 8-3331] design vio_v3_0_19_vio has unconnected port probe_in60[0]
WARNING: [Synth 8-3331] design vio_v3_0_19_vio has unconnected port probe_in61[0]
WARNING: [Synth 8-3331] design vio_v3_0_19_vio has unconnected port probe_in62[0]
WARNING: [Synth 8-3331] design vio_v3_0_19_vio has unconnected port probe_in63[0]
WARNING: [Synth 8-3331] design vio_v3_0_19_vio has unconnected port probe_in64[0]
WARNING: [Synth 8-3331] design vio_v3_0_19_vio has unconnected port probe_in65[0]
WARNING: [Synth 8-3331] design vio_v3_0_19_vio has unconnected port probe_in66[0]
WARNING: [Synth 8-3331] design vio_v3_0_19_vio has unconnected port probe_in67[0]
WARNING: [Synth 8-3331] design vio_v3_0_19_vio has unconnected port probe_in68[0]
WARNING: [Synth 8-3331] design vio_v3_0_19_vio has unconnected port probe_in69[0]
WARNING: [Synth 8-3331] design vio_v3_0_19_vio has unconnected port probe_in70[0]
WARNING: [Synth 8-3331] design vio_v3_0_19_vio has unconnected port probe_in71[0]
WARNING: [Synth 8-3331] design vio_v3_0_19_vio has unconnected port probe_in72[0]
WARNING: [Synth 8-3331] design vio_v3_0_19_vio has unconnected port probe_in73[0]
WARNING: [Synth 8-3331] design vio_v3_0_19_vio has unconnected port probe_in74[0]
WARNING: [Synth 8-3331] design vio_v3_0_19_vio has unconnected port probe_in75[0]
WARNING: [Synth 8-3331] design vio_v3_0_19_vio has unconnected port probe_in76[0]
WARNING: [Synth 8-3331] design vio_v3_0_19_vio has unconnected port probe_in77[0]
WARNING: [Synth 8-3331] design vio_v3_0_19_vio has unconnected port probe_in78[0]
WARNING: [Synth 8-3331] design vio_v3_0_19_vio has unconnected port probe_in79[0]
WARNING: [Synth 8-3331] design vio_v3_0_19_vio has unconnected port probe_in80[0]
WARNING: [Synth 8-3331] design vio_v3_0_19_vio has unconnected port probe_in81[0]
WARNING: [Synth 8-3331] design vio_v3_0_19_vio has unconnected port probe_in82[0]
WARNING: [Synth 8-3331] design vio_v3_0_19_vio has unconnected port probe_in83[0]
WARNING: [Synth 8-3331] design vio_v3_0_19_vio has unconnected port probe_in84[0]
WARNING: [Synth 8-3331] design vio_v3_0_19_vio has unconnected port probe_in85[0]
WARNING: [Synth 8-3331] design vio_v3_0_19_vio has unconnected port probe_in86[0]
WARNING: [Synth 8-3331] design vio_v3_0_19_vio has unconnected port probe_in87[0]
WARNING: [Synth 8-3331] design vio_v3_0_19_vio has unconnected port probe_in88[0]
WARNING: [Synth 8-3331] design vio_v3_0_19_vio has unconnected port probe_in89[0]
WARNING: [Synth 8-3331] design vio_v3_0_19_vio has unconnected port probe_in90[0]
WARNING: [Synth 8-3331] design vio_v3_0_19_vio has unconnected port probe_in91[0]
WARNING: [Synth 8-3331] design vio_v3_0_19_vio has unconnected port probe_in92[0]
WARNING: [Synth 8-3331] design vio_v3_0_19_vio has unconnected port probe_in93[0]
WARNING: [Synth 8-3331] design vio_v3_0_19_vio has unconnected port probe_in94[0]
WARNING: [Synth 8-3331] design vio_v3_0_19_vio has unconnected port probe_in95[0]
WARNING: [Synth 8-3331] design vio_v3_0_19_vio has unconnected port probe_in96[0]
WARNING: [Synth 8-3331] design vio_v3_0_19_vio has unconnected port probe_in97[0]
WARNING: [Synth 8-3331] design vio_v3_0_19_vio has unconnected port probe_in98[0]
WARNING: [Synth 8-3331] design vio_v3_0_19_vio has unconnected port probe_in99[0]
WARNING: [Synth 8-3331] design vio_v3_0_19_vio has unconnected port probe_in100[0]
WARNING: [Synth 8-3331] design vio_v3_0_19_vio has unconnected port probe_in101[0]
WARNING: [Synth 8-3331] design vio_v3_0_19_vio has unconnected port probe_in102[0]
WARNING: [Synth 8-3331] design vio_v3_0_19_vio has unconnected port probe_in103[0]
WARNING: [Synth 8-3331] design vio_v3_0_19_vio has unconnected port probe_in104[0]
INFO: [Common 17-14] Message 'Synth 8-3331' appears 100 times and further instances of the messages will be disabled. Use the Tcl command set_msg_config to change the current settings.
---------------------------------------------------------------------------------
Finished RTL Elaboration : Time (s): cpu = 00:00:07 ; elapsed = 00:00:08 . Memory (MB): peak = 982.391 ; gain = 312.570
---------------------------------------------------------------------------------

Report Check Netlist: 
+------+------------------+-------+---------+-------+------------------+
|      |Item              |Errors |Warnings |Status |Description       |
+------+------------------+-------+---------+-------+------------------+
|1     |multi_driven_nets |      0|        0|Passed |Multi driven nets |
+------+------------------+-------+---------+-------+------------------+
---------------------------------------------------------------------------------
Start Handling Custom Attributes
---------------------------------------------------------------------------------
---------------------------------------------------------------------------------
Finished Handling Custom Attributes : Time (s): cpu = 00:00:08 ; elapsed = 00:00:08 . Memory (MB): peak = 982.391 ; gain = 312.570
---------------------------------------------------------------------------------
---------------------------------------------------------------------------------
Finished RTL Optimization Phase 1 : Time (s): cpu = 00:00:08 ; elapsed = 00:00:08 . Memory (MB): peak = 982.391 ; gain = 312.570
---------------------------------------------------------------------------------
Netlist sorting complete. Time (s): cpu = 00:00:00 ; elapsed = 00:00:00.036 . Memory (MB): peak = 982.391 ; gain = 0.000
INFO: [Project 1-570] Preparing netlist for logic optimization

Processing XDC Constraints
Initializing timing engine
Parsing XDC File [d:/University/CPU/pipeline_CPU/pipeline_CPU.srcs/sources_1/ip/vio_0/vio_0_ooc.xdc]
Finished Parsing XDC File [d:/University/CPU/pipeline_CPU/pipeline_CPU.srcs/sources_1/ip/vio_0/vio_0_ooc.xdc]
Parsing XDC File [d:/University/CPU/pipeline_CPU/pipeline_CPU.srcs/sources_1/ip/vio_0/vio_0.xdc]
Finished Parsing XDC File [d:/University/CPU/pipeline_CPU/pipeline_CPU.srcs/sources_1/ip/vio_0/vio_0.xdc]
Completed Processing XDC Constraints

Netlist sorting complete. Time (s): cpu = 00:00:00 ; elapsed = 00:00:00.001 . Memory (MB): peak = 1090.598 ; gain = 0.000
INFO: [Project 1-111] Unisim Transformation Summary:
No Unisim elements were transformed.

Constraint Validation Runtime : Time (s): cpu = 00:00:00 ; elapsed = 00:00:00.098 . Memory (MB): peak = 1102.211 ; gain = 11.613
---------------------------------------------------------------------------------
Finished Constraint Validation : Time (s): cpu = 00:00:15 ; elapsed = 00:00:16 . Memory (MB): peak = 1102.211 ; gain = 432.391
---------------------------------------------------------------------------------
---------------------------------------------------------------------------------
Start Loading Part and Timing Information
---------------------------------------------------------------------------------
Loading part: xc7a200tfbg676-2
---------------------------------------------------------------------------------
Finished Loading Part and Timing Information : Time (s): cpu = 00:00:15 ; elapsed = 00:00:16 . Memory (MB): peak = 1102.211 ; gain = 432.391
---------------------------------------------------------------------------------
---------------------------------------------------------------------------------
Start Applying 'set_property' XDC Constraints
---------------------------------------------------------------------------------
---------------------------------------------------------------------------------
Finished applying 'set_property' XDC Constraints : Time (s): cpu = 00:00:15 ; elapsed = 00:00:16 . Memory (MB): peak = 1102.211 ; gain = 432.391
---------------------------------------------------------------------------------
---------------------------------------------------------------------------------
Finished RTL Optimization Phase 2 : Time (s): cpu = 00:00:17 ; elapsed = 00:00:18 . Memory (MB): peak = 1102.211 ; gain = 432.391
---------------------------------------------------------------------------------

Report RTL Partitions: 
+-+--------------+------------+----------+
| |RTL Partition |Replication |Instances |
+-+--------------+------------+----------+
+-+--------------+------------+----------+
---------------------------------------------------------------------------------
Start RTL Component Statistics 
---------------------------------------------------------------------------------
Detailed RTL Component Info : 
+---Adders : 
	   2 Input      6 Bit       Adders := 1     
	   2 Input      2 Bit       Adders := 1     
+---Registers : 
	              160 Bit    Registers := 3     
	              128 Bit    Registers := 1     
	               16 Bit    Registers := 6     
	               13 Bit    Registers := 1     
	                7 Bit    Registers := 1     
	                6 Bit    Registers := 1     
	                5 Bit    Registers := 1     
	                3 Bit    Registers := 2     
	                2 Bit    Registers := 1     
	                1 Bit    Registers := 12    
+---Muxes : 
	   2 Input     16 Bit        Muxes := 2     
	   3 Input     13 Bit        Muxes := 1     
	   2 Input      1 Bit        Muxes := 4     
---------------------------------------------------------------------------------
Finished RTL Component Statistics 
---------------------------------------------------------------------------------
---------------------------------------------------------------------------------
Start RTL Hierarchical Component Statistics 
---------------------------------------------------------------------------------
Hierarchical RTL Component report 
Module vio_v3_0_19_probe_in_one 
Detailed RTL Component Info : 
+---Adders : 
	   2 Input      6 Bit       Adders := 1     
+---Registers : 
	              160 Bit    Registers := 3     
	               16 Bit    Registers := 1     
	                6 Bit    Registers := 1     
	                1 Bit    Registers := 2     
Module vio_v3_0_19_probe_width 
Detailed RTL Component Info : 
+---Adders : 
	   2 Input      2 Bit       Adders := 1     
+---Registers : 
	               13 Bit    Registers := 1     
	                2 Bit    Registers := 1     
+---Muxes : 
	   3 Input     13 Bit        Muxes := 1     
Module xsdbs_v1_0_2_xsdbs 
Detailed RTL Component Info : 
+---Registers : 
	              128 Bit    Registers := 1     
	               16 Bit    Registers := 2     
	                1 Bit    Registers := 1     
+---Muxes : 
	   2 Input     16 Bit        Muxes := 1     
	   2 Input      1 Bit        Muxes := 1     
Module vio_v3_0_19_decoder 
Detailed RTL Component Info : 
+---Registers : 
	               16 Bit    Registers := 2     
	                7 Bit    Registers := 1     
	                5 Bit    Registers := 1     
	                3 Bit    Registers := 2     
	                1 Bit    Registers := 9     
+---Muxes : 
	   2 Input     16 Bit        Muxes := 1     
	   2 Input      1 Bit        Muxes := 3     
Module vio_v3_0_19_vio 
Detailed RTL Component Info : 
+---Registers : 
	               16 Bit    Registers := 1     
---------------------------------------------------------------------------------
Finished RTL Hierarchical Component Statistics
---------------------------------------------------------------------------------
---------------------------------------------------------------------------------
Start Part Resource Summary
---------------------------------------------------------------------------------
Part Resources:
DSPs: 740 (col length:100)
BRAMs: 730 (col length: RAMB18 100 RAMB36 50)
---------------------------------------------------------------------------------
Finished Part Resource Summary
---------------------------------------------------------------------------------
---------------------------------------------------------------------------------
Start Cross Boundary and Area Optimization
---------------------------------------------------------------------------------
Warning: Parallel synthesis criteria is not met 
INFO: [Synth 8-3886] merging instance 'inst/PROBE_IN_WIDTH_INST/probe_width_int_reg[0]' (FD) to 'inst/PROBE_IN_WIDTH_INST/probe_width_int_reg[1]'
INFO: [Synth 8-3886] merging instance 'inst/PROBE_IN_WIDTH_INST/probe_width_int_reg[1]' (FD) to 'inst/PROBE_IN_WIDTH_INST/probe_width_int_reg[2]'
INFO: [Synth 8-3886] merging instance 'inst/PROBE_IN_WIDTH_INST/probe_width_int_reg[2]' (FD) to 'inst/PROBE_IN_WIDTH_INST/probe_width_int_reg[3]'
INFO: [Synth 8-3886] merging instance 'inst/PROBE_IN_WIDTH_INST/probe_width_int_reg[3]' (FD) to 'inst/PROBE_IN_WIDTH_INST/probe_width_int_reg[4]'
INFO: [Synth 8-3886] merging instance 'inst/PROBE_IN_WIDTH_INST/probe_width_int_reg[5]' (FD) to 'inst/PROBE_IN_WIDTH_INST/probe_width_int_reg[6]'
INFO: [Synth 8-3886] merging instance 'inst/PROBE_IN_WIDTH_INST/probe_width_int_reg[6]' (FD) to 'inst/PROBE_IN_WIDTH_INST/probe_width_int_reg[7]'
INFO: [Synth 8-3333] propagating constant 0 across sequential element (inst/\PROBE_IN_WIDTH_INST/probe_width_int_reg[7] )
INFO: [Synth 8-3886] merging instance 'inst/PROBE_IN_WIDTH_INST/probe_width_int_reg[8]' (FD) to 'inst/PROBE_IN_WIDTH_INST/probe_width_int_reg[9]'
INFO: [Synth 8-3886] merging instance 'inst/PROBE_IN_WIDTH_INST/probe_width_int_reg[9]' (FD) to 'inst/PROBE_IN_WIDTH_INST/probe_width_int_reg[10]'
INFO: [Synth 8-3886] merging instance 'inst/PROBE_IN_WIDTH_INST/probe_width_int_reg[10]' (FD) to 'inst/PROBE_IN_WIDTH_INST/probe_width_int_reg[11]'
INFO: [Synth 8-3886] merging instance 'inst/PROBE_IN_WIDTH_INST/probe_width_int_reg[11]' (FD) to 'inst/PROBE_IN_WIDTH_INST/probe_width_int_reg[12]'
---------------------------------------------------------------------------------
Finished Cross Boundary and Area Optimization : Time (s): cpu = 00:00:21 ; elapsed = 00:00:22 . Memory (MB): peak = 1102.211 ; gain = 432.391
---------------------------------------------------------------------------------

Report RTL Partitions: 
+-+--------------+------------+----------+
| |RTL Partition |Replication |Instances |
+-+--------------+------------+----------+
+-+--------------+------------+----------+
---------------------------------------------------------------------------------
Start Applying XDC Timing Constraints
---------------------------------------------------------------------------------
---------------------------------------------------------------------------------
Finished Applying XDC Timing Constraints : Time (s): cpu = 00:00:28 ; elapsed = 00:00:30 . Memory (MB): peak = 1102.211 ; gain = 432.391
---------------------------------------------------------------------------------
---------------------------------------------------------------------------------
Start Timing Optimization
---------------------------------------------------------------------------------
---------------------------------------------------------------------------------
Finished Timing Optimization : Time (s): cpu = 00:00:28 ; elapsed = 00:00:30 . Memory (MB): peak = 1102.211 ; gain = 432.391
---------------------------------------------------------------------------------

Report RTL Partitions: 
+-+--------------+------------+----------+
| |RTL Partition |Replication |Instances |
+-+--------------+------------+----------+
+-+--------------+------------+----------+
---------------------------------------------------------------------------------
Start Technology Mapping
---------------------------------------------------------------------------------
---------------------------------------------------------------------------------
Finished Technology Mapping : Time (s): cpu = 00:00:29 ; elapsed = 00:00:30 . Memory (MB): peak = 1102.211 ; gain = 432.391
---------------------------------------------------------------------------------

Report RTL Partitions: 
+-+--------------+------------+----------+
| |RTL Partition |Replication |Instances |
+-+--------------+------------+----------+
+-+--------------+------------+----------+
---------------------------------------------------------------------------------
Start IO Insertion
---------------------------------------------------------------------------------
---------------------------------------------------------------------------------
Start Flattening Before IO Insertion
---------------------------------------------------------------------------------
---------------------------------------------------------------------------------
Finished Flattening Before IO Insertion
---------------------------------------------------------------------------------
---------------------------------------------------------------------------------
Start Final Netlist Cleanup
---------------------------------------------------------------------------------
INFO: [Synth 8-4618] Found max_fanout attribute set to 100 on net \PROBE_IN_INST/addr_count [0]. Fanout reduced from 135 to 68 by creating 1 replicas.
INFO: [Synth 8-4618] Found max_fanout attribute set to 100 on net \PROBE_IN_INST/addr_count [1]. Fanout reduced from 118 to 59 by creating 1 replicas.
INFO: [Synth 8-4618] Found max_fanout attribute set to 200 on net \PROBE_IN_INST/read_done . Fanout reduced from 320 to 160 by creating 1 replicas.
---------------------------------------------------------------------------------
Finished Final Netlist Cleanup
---------------------------------------------------------------------------------
WARNING: [Synth 8-3295] tying undriven pin inst:sl_iport0[36] to constant 0
WARNING: [Synth 8-3295] tying undriven pin inst:sl_iport0[35] to constant 0
WARNING: [Synth 8-3295] tying undriven pin inst:sl_iport0[34] to constant 0
WARNING: [Synth 8-3295] tying undriven pin inst:sl_iport0[33] to constant 0
WARNING: [Synth 8-3295] tying undriven pin inst:sl_iport0[32] to constant 0
WARNING: [Synth 8-3295] tying undriven pin inst:sl_iport0[31] to constant 0
WARNING: [Synth 8-3295] tying undriven pin inst:sl_iport0[30] to constant 0
WARNING: [Synth 8-3295] tying undriven pin inst:sl_iport0[29] to constant 0
WARNING: [Synth 8-3295] tying undriven pin inst:sl_iport0[28] to constant 0
WARNING: [Synth 8-3295] tying undriven pin inst:sl_iport0[27] to constant 0
WARNING: [Synth 8-3295] tying undriven pin inst:sl_iport0[26] to constant 0
WARNING: [Synth 8-3295] tying undriven pin inst:sl_iport0[25] to constant 0
WARNING: [Synth 8-3295] tying undriven pin inst:sl_iport0[24] to constant 0
WARNING: [Synth 8-3295] tying undriven pin inst:sl_iport0[23] to constant 0
WARNING: [Synth 8-3295] tying undriven pin inst:sl_iport0[22] to constant 0
WARNING: [Synth 8-3295] tying undriven pin inst:sl_iport0[21] to constant 0
WARNING: [Synth 8-3295] tying undriven pin inst:sl_iport0[20] to constant 0
WARNING: [Synth 8-3295] tying undriven pin inst:sl_iport0[19] to constant 0
WARNING: [Synth 8-3295] tying undriven pin inst:sl_iport0[18] to constant 0
WARNING: [Synth 8-3295] tying undriven pin inst:sl_iport0[17] to constant 0
WARNING: [Synth 8-3295] tying undriven pin inst:sl_iport0[16] to constant 0
WARNING: [Synth 8-3295] tying undriven pin inst:sl_iport0[15] to constant 0
WARNING: [Synth 8-3295] tying undriven pin inst:sl_iport0[14] to constant 0
WARNING: [Synth 8-3295] tying undriven pin inst:sl_iport0[13] to constant 0
WARNING: [Synth 8-3295] tying undriven pin inst:sl_iport0[12] to constant 0
WARNING: [Synth 8-3295] tying undriven pin inst:sl_iport0[11] to constant 0
WARNING: [Synth 8-3295] tying undriven pin inst:sl_iport0[10] to constant 0
WARNING: [Synth 8-3295] tying undriven pin inst:sl_iport0[9] to constant 0
WARNING: [Synth 8-3295] tying undriven pin inst:sl_iport0[8] to constant 0
WARNING: [Synth 8-3295] tying undriven pin inst:sl_iport0[7] to constant 0
WARNING: [Synth 8-3295] tying undriven pin inst:sl_iport0[6] to constant 0
WARNING: [Synth 8-3295] tying undriven pin inst:sl_iport0[5] to constant 0
WARNING: [Synth 8-3295] tying undriven pin inst:sl_iport0[4] to constant 0
WARNING: [Synth 8-3295] tying undriven pin inst:sl_iport0[3] to constant 0
WARNING: [Synth 8-3295] tying undriven pin inst:sl_iport0[2] to constant 0
WARNING: [Synth 8-3295] tying undriven pin inst:sl_iport0[1] to constant 0
WARNING: [Synth 8-3295] tying undriven pin inst:sl_iport0[0] to constant 0
---------------------------------------------------------------------------------
Finished IO Insertion : Time (s): cpu = 00:00:33 ; elapsed = 00:00:34 . Memory (MB): peak = 1102.211 ; gain = 432.391
---------------------------------------------------------------------------------
---------------------------------------------------------------------------------
Start Renaming Generated Instances
---------------------------------------------------------------------------------
---------------------------------------------------------------------------------
Finished Renaming Generated Instances : Time (s): cpu = 00:00:33 ; elapsed = 00:00:34 . Memory (MB): peak = 1102.211 ; gain = 432.391
---------------------------------------------------------------------------------

Report RTL Partitions: 
+-+--------------+------------+----------+
| |RTL Partition |Replication |Instances |
+-+--------------+------------+----------+
+-+--------------+------------+----------+

Report Check Netlist: 
+------+------------------+-------+---------+-------+------------------+
|      |Item              |Errors |Warnings |Status |Description       |
+------+------------------+-------+---------+-------+------------------+
|1     |multi_driven_nets |      0|        0|Passed |Multi driven nets |
+------+------------------+-------+---------+-------+------------------+
---------------------------------------------------------------------------------
Start Rebuilding User Hierarchy
---------------------------------------------------------------------------------
---------------------------------------------------------------------------------
Finished Rebuilding User Hierarchy : Time (s): cpu = 00:00:33 ; elapsed = 00:00:34 . Memory (MB): peak = 1102.211 ; gain = 432.391
---------------------------------------------------------------------------------
---------------------------------------------------------------------------------
Start Renaming Generated Ports
---------------------------------------------------------------------------------
---------------------------------------------------------------------------------
Finished Renaming Generated Ports : Time (s): cpu = 00:00:33 ; elapsed = 00:00:34 . Memory (MB): peak = 1102.211 ; gain = 432.391
---------------------------------------------------------------------------------
---------------------------------------------------------------------------------
Start Handling Custom Attributes
---------------------------------------------------------------------------------
---------------------------------------------------------------------------------
Finished Handling Custom Attributes : Time (s): cpu = 00:00:33 ; elapsed = 00:00:35 . Memory (MB): peak = 1102.211 ; gain = 432.391
---------------------------------------------------------------------------------
---------------------------------------------------------------------------------
Start Renaming Generated Nets
---------------------------------------------------------------------------------
---------------------------------------------------------------------------------
Finished Renaming Generated Nets : Time (s): cpu = 00:00:33 ; elapsed = 00:00:35 . Memory (MB): peak = 1102.211 ; gain = 432.391
---------------------------------------------------------------------------------
---------------------------------------------------------------------------------
Start Writing Synthesis Report
---------------------------------------------------------------------------------

Report BlackBoxes: 
+-+--------------+----------+
| |BlackBox name |Instances |
+-+--------------+----------+
+-+--------------+----------+

Report Cell Usage: 
+------+------+------+
|      |Cell  |Count |
+------+------+------+
|1     |LUT1  |     3|
|2     |LUT2  |     6|
|3     |LUT3  |   356|
|4     |LUT4  |    10|
|5     |LUT5  |    25|
|6     |LUT6  |   195|
|7     |MUXF7 |    64|
|8     |FDRE  |  1058|
+------+------+------+

Report Instance Areas: 
+------+------------------------+-------------------------+------+
|      |Instance                |Module                   |Cells |
+------+------------------------+-------------------------+------+
|1     |top                     |                         |  1717|
|2     |  inst                  |vio_v3_0_19_vio          |  1717|
|3     |    U_XSDB_SLAVE        |xsdbs_v1_0_2_xsdbs       |   248|
|4     |    DECODER_INST        |vio_v3_0_19_decoder      |    79|
|5     |    PROBE_IN_INST       |vio_v3_0_19_probe_in_one |  1366|
|6     |    PROBE_IN_WIDTH_INST |vio_v3_0_19_probe_width  |     8|
+------+------------------------+-------------------------+------+
---------------------------------------------------------------------------------
Finished Writing Synthesis Report : Time (s): cpu = 00:00:33 ; elapsed = 00:00:35 . Memory (MB): peak = 1102.211 ; gain = 432.391
---------------------------------------------------------------------------------
Synthesis finished with 0 errors, 0 critical warnings and 288 warnings.
Synthesis Optimization Runtime : Time (s): cpu = 00:00:22 ; elapsed = 00:00:31 . Memory (MB): peak = 1102.211 ; gain = 312.570
Synthesis Optimization Complete : Time (s): cpu = 00:00:33 ; elapsed = 00:00:35 . Memory (MB): peak = 1102.211 ; gain = 432.391
INFO: [Project 1-571] Translating synthesized netlist
Netlist sorting complete. Time (s): cpu = 00:00:00 ; elapsed = 00:00:00.034 . Memory (MB): peak = 1102.211 ; gain = 0.000
INFO: [Netlist 29-17] Analyzing 64 Unisim elements for replacement
INFO: [Netlist 29-28] Unisim Transformation completed in 0 CPU seconds
INFO: [Project 1-570] Preparing netlist for logic optimization
INFO: [Opt 31-138] Pushed 0 inverter(s) to 0 load pin(s).
Netlist sorting complete. Time (s): cpu = 00:00:00 ; elapsed = 00:00:00 . Memory (MB): peak = 1107.059 ; gain = 0.000
INFO: [Project 1-111] Unisim Transformation Summary:
No Unisim elements were transformed.

INFO: [Common 17-83] Releasing license: Synthesis
28 Infos, 138 Warnings, 0 Critical Warnings and 0 Errors encountered.
synth_design completed successfully
synth_design: Time (s): cpu = 00:00:40 ; elapsed = 00:00:42 . Memory (MB): peak = 1107.059 ; gain = 763.496
INFO: [Common 17-600] The following parameters have non-default value.
tcl.collectionResultDisplayLimit
Netlist sorting complete. Time (s): cpu = 00:00:00 ; elapsed = 00:00:00 . Memory (MB): peak = 1107.059 ; gain = 0.000
WARNING: [Constraints 18-5210] No constraints selected for write.
Resolution: This message can indicate that there are no constraints for the design, or it can indicate that the used_in flags are set such that the constraints are ignored. This later case is used when running synth_design to not write synthesis constraints to the resulting checkpoint. Instead, project constraints are read when the synthesized design is opened.
INFO: [Common 17-1381] The checkpoint 'D:/University/CPU/pipeline_CPU/pipeline_CPU.runs/vio_0_synth_1/vio_0.dcp' has been generated.
WARNING: [Common 17-576] 'use_project_ipc' is deprecated. This option is deprecated and no longer used.
INFO: [Coretcl 2-1648] Added synthesis output to IP cache for IP vio_0, cache-ID = acd78e6b5d6e9504
INFO: [Coretcl 2-1174] Renamed 5 cell refs.
Netlist sorting complete. Time (s): cpu = 00:00:00 ; elapsed = 00:00:00.001 . Memory (MB): peak = 1107.059 ; gain = 0.000
WARNING: [Constraints 18-5210] No constraints selected for write.
Resolution: This message can indicate that there are no constraints for the design, or it can indicate that the used_in flags are set such that the constraints are ignored. This later case is used when running synth_design to not write synthesis constraints to the resulting checkpoint. Instead, project constraints are read when the synthesized design is opened.
INFO: [Common 17-1381] The checkpoint 'D:/University/CPU/pipeline_CPU/pipeline_CPU.runs/vio_0_synth_1/vio_0.dcp' has been generated.
INFO: [runtcl-4] Executing : report_utilization -file vio_0_utilization_synth.rpt -pb vio_0_utilization_synth.pb
INFO: [Common 17-206] Exiting Vivado at Sun Jul 11 19:12:55 2021...
